<?xml version="1.0" encoding="UTF-8"?>
<!-- Generated by org.testng.reporters.JUnitXMLReporter -->
<testsuite ignored="0" hostname="DESKTOP-KHCUNM5" failures="0" tests="3" name="Amazon" time="686.625" errors="0" timestamp="2021-08-10T14:15:44 IST">
  <testcase classname="com.qa.test.AmazonTest.Amazon_test" name="searchFirstItem" time="90.421"/>
  <testcase classname="com.qa.test.AmazonTest.Amazon_test" name="searchSecondItem" time="79.563"/>
  <testcase classname="com.qa.test.AmazonTest.Amazon_test" name="searchThirdItem" time="75.046"/>
</testsuite> <!-- Amazon -->
